<?xml version="1.0" encoding="UTF-8"?>
<testsuite name="com.team.teamreadioserver.FaqApplicationTests" tests="1" skipped="0" failures="0" errors="0" timestamp="2025-05-20T08:24:26.056Z" hostname="DESKTOP-TK8AQAV" time="0.717">
  <properties/>
  <testcase name="contextLoads()" classname="com.team.teamreadioserver.FaqApplicationTests" time="0.717"/>
  <system-out><![CDATA[17:24:21.620 [Test worker] INFO org.springframework.test.context.support.AnnotationConfigContextLoaderUtils -- Could not detect default configuration classes for test class [com.team.teamreadioserver.FaqApplicationTests]: FaqApplicationTests does not declare any static, non-private, non-final, nested classes annotated with @Configuration.
17:24:21.726 [Test worker] INFO org.springframework.boot.test.context.SpringBootTestContextBootstrapper -- Found @SpringBootConfiguration com.team.teamreadioserver.TeamReadioServerApplication for test class com.team.teamreadioserver.FaqApplicationTests

  .   ____          _            __ _ _
 /\\ / ___'_ __ _ _(_)_ __  __ _ \ \ \ \
( ( )\___ | '_ | '_| | '_ \/ _` | \ \ \ \
 \\/  ___)| |_)| | | | | || (_| |  ) ) ) )
  '  |____| .__|_| |_|_| |_\__, | / / / /
 =========|_|==============|___/=/_/_/_/

 :: Spring Boot ::                (v3.3.5)

2025-05-20T17:24:22.143+09:00  INFO 13844 --- [    Test worker] c.t.t.FaqApplicationTests                : Starting FaqApplicationTests using Java 17.0.13 with PID 13844 (started by ezen402-18 in C:\Users\ezen402-18\Desktop\readioBackServer)
2025-05-20T17:24:22.145+09:00  INFO 13844 --- [    Test worker] c.t.t.FaqApplicationTests                : No active profile set, falling back to 1 default profile: "default"
2025-05-20T17:24:22.660+09:00  INFO 13844 --- [    Test worker] .s.d.r.c.RepositoryConfigurationDelegate : Bootstrapping Spring Data JPA repositories in DEFAULT mode.
2025-05-20T17:24:22.722+09:00  INFO 13844 --- [    Test worker] .s.d.r.c.RepositoryConfigurationDelegate : Finished Spring Data repository scanning in 54 ms. Found 5 JPA repository interfaces.
2025-05-20T17:24:23.321+09:00  INFO 13844 --- [    Test worker] com.zaxxer.hikari.HikariDataSource       : HikariPool-1 - Starting...
2025-05-20T17:24:23.639+09:00  INFO 13844 --- [    Test worker] com.zaxxer.hikari.pool.HikariPool        : HikariPool-1 - Added connection com.mysql.cj.jdbc.ConnectionImpl@2499b971
2025-05-20T17:24:23.643+09:00  INFO 13844 --- [    Test worker] com.zaxxer.hikari.HikariDataSource       : HikariPool-1 - Start completed.
2025-05-20T17:24:23.693+09:00  INFO 13844 --- [    Test worker] o.hibernate.jpa.internal.util.LogHelper  : HHH000204: Processing PersistenceUnitInfo [name: default]
2025-05-20T17:24:23.753+09:00  INFO 13844 --- [    Test worker] org.hibernate.Version                    : HHH000412: Hibernate ORM core version 6.5.3.Final
2025-05-20T17:24:23.795+09:00  INFO 13844 --- [    Test worker] o.h.c.internal.RegionFactoryInitiator    : HHH000026: Second-level cache disabled
2025-05-20T17:24:24.125+09:00  INFO 13844 --- [    Test worker] o.s.o.j.p.SpringPersistenceUnitInfo      : No LoadTimeWeaver setup: ignoring JPA class transformer
2025-05-20T17:24:24.289+09:00  WARN 13844 --- [    Test worker] org.hibernate.orm.deprecation            : HHH90000025: MySQLDialect does not need to be specified explicitly using 'hibernate.dialect' (remove the property setting and it will be selected by default)
2025-05-20T17:24:25.114+09:00  INFO 13844 --- [    Test worker] o.h.e.t.j.p.i.JtaPlatformInitiator       : HHH000489: No JTA platform available (set 'hibernate.transaction.jta.platform' to enable JTA platform integration)
2025-05-20T17:24:25.117+09:00  INFO 13844 --- [    Test worker] j.LocalContainerEntityManagerFactoryBean : Initialized JPA EntityManagerFactory for persistence unit 'default'
2025-05-20T17:24:25.625+09:00  WARN 13844 --- [    Test worker] JpaBaseConfiguration$JpaWebConfiguration : spring.jpa.open-in-view is enabled by default. Therefore, database queries may be performed during view rendering. Explicitly configure spring.jpa.open-in-view to disable this warning
2025-05-20T17:24:26.039+09:00  INFO 13844 --- [    Test worker] c.t.t.FaqApplicationTests                : Started FaqApplicationTests in 4.172 seconds (process running for 5.349)
2025-05-20T17:24:26.527+09:00 DEBUG 13844 --- [    Test worker] org.hibernate.SQL                        : 
    /* ?[34minsert?[0m ?[34mfor?[0m
        com.team.teamreadioserver.faq.entity.Faq */?[34minsert?[0m 
    ?[34minto?[0m
        faq (faq_content, faq_create_at, faq_title, user_id) 
    ?[34mvalues?[0m
        (?, ?, ?, ?)
2025-05-20T17:24:26.538+09:00 TRACE 13844 --- [    Test worker] org.hibernate.orm.jdbc.bind              : binding parameter (1:VARCHAR) <- [테스트 내용]
2025-05-20T17:24:26.538+09:00 TRACE 13844 --- [    Test worker] org.hibernate.orm.jdbc.bind              : binding parameter (2:TIMESTAMP) <- [2025-05-20T17:24:26.510983800]
2025-05-20T17:24:26.539+09:00 TRACE 13844 --- [    Test worker] org.hibernate.orm.jdbc.bind              : binding parameter (3:VARCHAR) <- [테스트 제목]
2025-05-20T17:24:26.539+09:00 TRACE 13844 --- [    Test worker] org.hibernate.orm.jdbc.bind              : binding parameter (4:VARCHAR) <- [test2]
]]></system-out>
  <system-err><![CDATA[]]></system-err>
</testsuite>
